# JRE version: OpenJDK Runtime Environment (8.0_222-b10) (build 1.8.0_222-b10)
# Java VM: OpenJDK 64-Bit Server VM (25.222-b10 mixed mode windows-amd64 compressed oops)
Heap:
 garbage-first heap   total 632832K, used 184192K [0x00000000c0000000, 0x00000000c0101350, 0x0000000100000000)
  region size 1024K, 5 young (5120K), 5 survivors (5120K)
 Metaspace       used 52658K, capacity 55850K, committed 56192K, reserved 1099776K
  class space    used 5279K, capacity 6191K, committed 6272K, reserved 1048576K
GC Heap History (10 events):
Event: 1067.201 GC heap after
Heap after GC invocations=72 (full 0):
 garbage-first heap   total 397312K, used 164386K [0x00000000c0000000, 0x00000000c0100c20, 0x0000000100000000)
  region size 1024K, 3 young (3072K), 3 survivors (3072K)
 Metaspace       used 52696K, capacity 55920K, committed 56192K, reserved 1099776K
  class space    used 5287K, capacity 6206K, committed 6272K, reserved 1048576K
}
Event: 1067.672 GC heap before
{Heap before GC invocations=72 (full 0):
 garbage-first heap   total 397312K, used 185890K [0x00000000c0000000, 0x00000000c0100c20, 0x0000000100000000)
  region size 1024K, 24 young (24576K), 3 survivors (3072K)
 Metaspace       used 52696K, capacity 55920K, committed 56192K, reserved 1099776K
  class space    used 5287K, capacity 6206K, committed 6272K, reserved 1048576K
Event: 1067.755 GC heap after
Heap after GC invocations=73 (full 0):
 garbage-first heap   total 397312K, used 168482K [0x00000000c0000000, 0x00000000c0100c20, 0x0000000100000000)
  region size 1024K, 3 young (3072K), 3 survivors (3072K)
 Metaspace       used 52696K, capacity 55920K, committed 56192K, reserved 1099776K
  class space    used 5287K, capacity 6206K, committed 6272K, reserved 1048576K
}
Event: 1068.654 GC heap before
{Heap before GC invocations=73 (full 0):
 garbage-first heap   total 397312K, used 291362K [0x00000000c0000000, 0x00000000c0100c20, 0x0000000100000000)
  region size 1024K, 123 young (125952K), 3 survivors (3072K)
 Metaspace       used 52697K, capacity 55920K, committed 56192K, reserved 1099776K
  class space    used 5287K, capacity 6206K, committed 6272K, reserved 1048576K
Event: 1068.758 GC heap after
Heap after GC invocations=74 (full 0):
 garbage-first heap   total 397312K, used 181794K [0x00000000c0000000, 0x00000000c0100c20, 0x0000000100000000)
  region size 1024K, 16 young (16384K), 16 survivors (16384K)
 Metaspace       used 52697K, capacity 55920K, committed 56192K, reserved 1099776K
  class space    used 5287K, capacity 6206K, committed 6272K, reserved 1048576K
}
Event: 1070.021 GC heap before
{Heap before GC invocations=74 (full 0):
 garbage-first heap   total 397312K, used 262050K [0x00000000c0000000, 0x00000000c0100c20, 0x0000000100000000)
  region size 1024K, 91 young (93184K), 16 survivors (16384K)
 Metaspace       used 52697K, capacity 55920K, committed 56192K, reserved 1099776K
  class space    used 5287K, capacity 6206K, committed 6272K, reserved 1048576K
Event: 1070.225 GC heap after
Heap after GC invocations=75 (full 0):
 garbage-first heap   total 397312K, used 192418K [0x00000000c0000000, 0x00000000c0100c20, 0x0000000100000000)
  region size 1024K, 3 young (3072K), 3 survivors (3072K)
 Metaspace       used 52697K, capacity 55920K, committed 56192K, reserved 1099776K
  class space    used 5287K, capacity 6206K, committed 6272K, reserved 1048576K
}
Event: 1070.605 GC heap before
{Heap before GC invocations=75 (full 0):
 garbage-first heap   total 397312K, used 222114K [0x00000000c0000000, 0x00000000c0100c20, 0x0000000100000000)
  region size 1024K, 32 young (32768K), 3 survivors (3072K)
 Metaspace       used 52697K, capacity 55920K, committed 56192K, reserved 1099776K
  class space    used 5287K, capacity 6206K, committed 6272K, reserved 1048576K
Event: 1070.733 GC heap after
Heap after GC invocations=76 (full 0):
 garbage-first heap   total 528384K, used 197538K [0x00000000c0000000, 0x00000000c0101020, 0x0000000100000000)
  region size 1024K, 4 young (4096K), 4 survivors (4096K)
 Metaspace       used 52697K, capacity 55920K, committed 56192K, reserved 1099776K
  class space    used 5287K, capacity 6206K, committed 6272K, reserved 1048576K
}
Event: 1074.821 GC heap before
{Heap before GC invocations=77 (full 0):
 garbage-first heap   total 528384K, used 202624K [0x00000000c0000000, 0x00000000c0101020, 0x0000000100000000)
  region size 1024K, 33 young (33792K), 4 survivors (4096K)
 Metaspace       used 52658K, capacity 55850K, committed 56192K, reserved 1099776K
  class space    used 5279K, capacity 6191K, committed 6272K, reserved 1048576K

